<?xml version="1.0" encoding="UTF-8"?>
<!-- Generated by org.testng.reporters.JUnitReportReporter -->
<testsuite hostname="LAPTOP-69ETN3AV" failures="0" tests="1" name="Pageobjects.Queue" time="3.620" errors="0" timestamp="2023-05-24T10:15:15 EDT" skipped="0">
  <testcase classname="Pageobjects.Queue" name="RunQueue" time="3.620"/>
  <system-out/>
</testsuite> <!-- Pageobjects.Queue -->
