<?xml version="1.0" encoding="UTF-8"?>
<!-- Generated by org.testng.reporters.JUnitReportReporter -->
<testsuite hostname="LAPTOP-69ETN3AV" failures="0" tests="3" name="Pageobjects.ValidloginLogoutpage" time="27.518" errors="0" timestamp="2023-05-24T10:15:15 EDT" skipped="0">
  <testcase classname="Pageobjects.ValidloginLogoutpage" name="TestLogin" time="9.020"/>
  <system-out/>
  <testcase classname="Pageobjects.ValidloginLogoutpage" name="TestLogin" time="9.170"/>
  <system-out/>
  <testcase classname="Pageobjects.ValidloginLogoutpage" name="TestLogin" time="9.328"/>
  <system-out/>
</testsuite> <!-- Pageobjects.ValidloginLogoutpage -->
